15:40:10 **** Build of configuration Nios II for project ucos ****
make all 
Info: Building ../ucos_bsp/
make --no-print-directory -C ../ucos_bsp/
[BSP build complete]
Info: Compiling hello_ucosii.c to obj/default/hello_ucosii.o
nios2-elf-gcc -xc -MP -MMD -c -I../ucos_bsp//UCOSII/inc -I../ucos_bsp//HAL/inc -I../ucos_bsp/ -I../ucos_bsp//drivers/inc  -pipe -D__hal__ -DALT_NO_INSTRUCTION_EMULATION -D__ucosii__    -O0 -g -Wall   -mno-hw-div -mhw-mul -mno-hw-mulx  -o obj/default/hello_ucosii.o hello_ucosii.c
Info: Linking ucos.elf
nios2-elf-g++  -T'../ucos_bsp//linker.x' -msys-crt0='../ucos_bsp//obj/HAL/src/crt0.o' -msys-lib=ucosii_bsp -L../ucos_bsp/   -Wl,-Map=ucos.map   -O0 -g -Wall   -mno-hw-div -mhw-mul -mno-hw-mulx  -o ucos.elf obj/default/hello_ucosii.o -lm -msys-lib=m
nios2-elf-insert ucos.elf --thread_model ucosii --cpu_name niosII_core --qsys true --simulation_enabled false --id 255 --sidp 0x4041c20 --timestamp 1500859667 --stderr_dev JTAG --stdin_dev JTAG --stdout_dev JTAG --sopc_system_name soc_design --quartus_project_dir "/home/chris/FPGA/chris.convolution.ok/Qsys" --sopcinfo /home/chris/FPGA/chris.convolution.ok/Qsys/software/ucos_bsp/../../soc_design.sopcinfo
Info: (ucos.elf) 94 KBytes program size (code + initialized data).
Info:            65434 KBytes free for stack + heap.
Info: Creating ucos.objdump
nios2-elf-objdump --disassemble --syms --all-header --source ucos.elf >ucos.objdump
[ucos build complete]
15:41:17 **** Build of configuration Nios II for project ucos ****
make all 
Info: Building ../ucos_bsp/
make --no-print-directory -C ../ucos_bsp/
[BSP build complete]
[ucos build complete]
15:41:34 **** Build of configuration Nios II for project ucos ****
make all 
Info: Building ../ucos_bsp/
make --no-print-directory -C ../ucos_bsp/
[BSP build complete]
[ucos build complete]
15:42:36 **** Incremental Build of configuration Nios II for project ucos ****
make all 
Info: Building ../ucos_bsp/
make --no-print-directory -C ../ucos_bsp/
[BSP build complete]
[ucos build complete]
15:42:48 **** Incremental Build of configuration Nios II for project ucos ****
make all 
Info: Building ../ucos_bsp/
make --no-print-directory -C ../ucos_bsp/
[BSP build complete]
[ucos build complete]
