16:36:21 **** Incremental Build of configuration Nios II for project sw_design ****
make all 
Info: Building ../sw_design_bsp/
make --no-print-directory -C ../sw_design_bsp/
[BSP build complete]
[sw_design build complete]
16:36:38 **** Build of configuration Nios II for project sw_design ****
make all 
Info: Building ../sw_design_bsp/
make --no-print-directory -C ../sw_design_bsp/
[BSP build complete]
[sw_design build complete]
16:37:22 **** Incremental Build of configuration Nios II for project sw_design ****
make all 
Info: Building ../sw_design_bsp/
make --no-print-directory -C ../sw_design_bsp/
[BSP build complete]
[sw_design build complete]
16:37:29 **** Build of configuration Nios II for project sw_design ****
make all 
Info: Building ../sw_design_bsp/
make --no-print-directory -C ../sw_design_bsp/
[BSP build complete]
[sw_design build complete]
16:37:30 **** Incremental Build of configuration Nios II for project sw_design ****
make all 
Info: Building ../sw_design_bsp/
make --no-print-directory -C ../sw_design_bsp/
[BSP build complete]
[sw_design build complete]
